Arguments: 
  C:\Program Files\nodejs\node.exe C:\Users\KJS\AppData\Roaming\npm\node_modules\yarn\bin\yarn.js install

PATH: 
  C:\Program Files\ImageMagick-7.1.0-Q16;C:\Program Files (x86)\Common Files\Oracle\Java\javapath;C:\WINDOWS\system32;C:\WINDOWS;C:\WINDOWS\System32\Wbem;C:\WINDOWS\System32\WindowsPowerShell\v1.0\;C:\WINDOWS\System32\OpenSSH\;C:\xampp\php;C:\composer;E:\sample codes\flutter_windows_2.5.2-stable\flutter\bin;C:\Program Files (x86)\Windows Kits\10\Windows Performance Toolkit\;C:\Program Files\MongoDB\Server\5.0\bin;C:\Program Files\Geth;C:\Program Files\nodejs\;C:\Program Files\Git\cmd;C:\Users\KJS\AppData\Local\Programs\Python\Python310\Scripts\;C:\Users\KJS\AppData\Local\Programs\Python\Python310\;C:\Users\KJS\AppData\Local\Microsoft\WindowsApps;C:\Users\KJS\AppData\Roaming\Composer\vendor\bin;C:\Users\KJS\AppData\Roaming\npm;C:\Users\KJS\AppData\Local\GitHubDesktop\bin;

Yarn version: 
  1.22.17

Node version: 
  14.18.0

Platform: 
  win32 x64

Trace: 
  Error: https://registry.yarnpkg.com/enzyme-adapter-react-17: Not found
      at Request.params.callback [as _callback] (C:\Users\KJS\AppData\Roaming\npm\node_modules\yarn\lib\cli.js:67029:18)
      at Request.self.callback (C:\Users\KJS\AppData\Roaming\npm\node_modules\yarn\lib\cli.js:140883:22)
      at Request.emit (events.js:400:28)
      at Request.<anonymous> (C:\Users\KJS\AppData\Roaming\npm\node_modules\yarn\lib\cli.js:141855:10)
      at Request.emit (events.js:400:28)
      at IncomingMessage.<anonymous> (C:\Users\KJS\AppData\Roaming\npm\node_modules\yarn\lib\cli.js:141777:12)
      at Object.onceWrapper (events.js:519:28)
      at IncomingMessage.emit (events.js:412:35)
      at endReadableNT (internal/streams/readable.js:1334:12)
      at processTicksAndRejections (internal/process/task_queues.js:82:21)

npm manifest: 
  {
    "name": "ecommerce-react",
    "version": "1.2.0",
    "main": "index.js",
    "author": "Julius Guevarra",
    "keywords": [
      "react-webpack",
      "boilerplate",
      "react-webpack-boilerplate",
      "react-boilerplate"
    ],
    "license": "MIT",
    "scripts": {
      "serve": "live-server dist/",
      "build": "cross-env NODE_ENV=production webpack --config webpack/prod.config.js",
      "dev-server": "webpack serve --config webpack/dev.config.js",
      "test": "cross-env NODE_ENV=test jest --config=jest.config.json"
    },
    "devDependencies": {
      "@babel/core": "^7.14.0",
      "@babel/plugin-proposal-class-properties": "^7.13.0",
      "@babel/plugin-syntax-dynamic-import": "^7.8.3",
      "@babel/plugin-syntax-object-rest-spread": "^7.8.3",
      "@babel/polyfill": "^7.11.5",
      "@babel/preset-env": "^7.14.0",
      "@babel/preset-react": "^7.13.13",
      "babel-eslint": "^10.1.0",
      "babel-loader": "^8.2.2",
      "clean-webpack-plugin": "^3.0.0",
      "copy-webpack-plugin": "^8.1.1",
      "cross-env": "^7.0.3",
      "css-loader": "^5.2.4",
      "dotenv": "^8.2.0",
      "enzyme": "^3.11.0",
      "enzyme-adapter-react-17": "^1.15.6",
      "enzyme-to-json": "^3.6.2",
      "eslint": "^7.25.0",
      "eslint-config-airbnb": "^18.2.1",
      "eslint-loader": "^4.0.2",
      "eslint-plugin-import": "^2.22.1",
      "eslint-plugin-jsx-a11y": "^6.4.1",
      "eslint-plugin-react": "^7.23.2",
      "eslint-plugin-react-hooks": "^4.2.0",
      "extract-text-webpack-plugin": "^4.0.0-beta.0",
      "file-loader": "^6.2.0",
      "group-css-media-queries-loader": "^3.0.2",
      "html-webpack-plugin": "^5.3.1",
      "jest": "^26.6.3",
      "live-server": "^1.2.1",
      "mini-css-extract-plugin": "^1.6.0",
      "node-sass": "^5.0.0",
      "optimize-css-assets-webpack-plugin": "^5.0.4",
      "raf": "^3.4.1",
      "sass-loader": "^11.0.1",
      "uglifyjs-webpack-plugin": "^2.2.0",
      "url-loader": "^4.1.1",
      "webpack": "^5.36.2",
      "webpack-cli": "^4.6.0",
      "webpack-dev-server": "^3.11.2",
      "webpack-merge": "^5.7.3",
      "workbox-webpack-plugin": "^6.1.5"
    },
    "dependencies": {
      "@ant-design/icons": "^4.6.2",
      "firebase": "^8.4.3",
      "formik": "^2.2.6",
      "history": "^4.10.0",
      "moment": "^2.29.1",
      "normalize.css": "^8.0.1",
      "prop-types": "^15.7.2",
      "react": "^17.0.2",
      "react-compound-slider": "^3.3.1",
      "react-dom": "^17.0.2",
      "react-loading-skeleton": "^2.2.0",
      "react-modal": "^3.13.1",
      "react-phone-input-2": "^2.14.0",
      "react-redux": "^7.2.4",
      "react-router-dom": "^5.2.0",
      "react-select": "^4.3.0",
      "redux": "^4.1.0",
      "redux-persist": "^6.0.0",
      "redux-saga": "^1.1.3",
      "redux-thunk": "^2.3.0",
      "uuid": "^8.3.2",
      "webfontloader": "^1.6.28",
      "yup": "^0.32.9"
    }
  }

yarn manifest: 
  No manifest

Lockfile: 
  No lockfile
